Using pre-set license
Built from '2020.3/staging' branch; Version is '2020.3.13f1 (71691879b7f5) revision 7432472'; Using compiler version '192528614'; Build Type 'Release'
OS: 'Windows 10 Home; OS build 19042.1415; Version 2009; 64bit' Language: 'ru' Physical Memory: 16309 MB
BatchMode: 1, IsHumanControllingUs: 0, StartBugReporterOnCrash: 0, Is64bit: 1, IsPro: 0

 COMMAND LINE ARGUMENTS:
C:\Program Files\Unity\Hub\Editor\2020.3.13f1\Editor\Unity.exe
-adb2
-batchMode
-noUpm
-name
AssetImportWorker0
-projectPath
D:/MyLowPrgrm/GitHubDesktop/GitHub/Modul_10
-logFile
Logs/AssetImportWorker0.log
-srvPort
55596
Successfully changed project path to: D:/MyLowPrgrm/GitHubDesktop/GitHub/Modul_10
D:/MyLowPrgrm/GitHubDesktop/GitHub/Modul_10
Using Asset Import Pipeline V2.
Refreshing native plugins compatible for Editor in 18.76 ms, found 2 plugins.
Preloading 0 native plugins for Editor in 0.00 ms.
Initialize engine version: 2020.3.13f1 (71691879b7f5)
[Subsystems] Discovering subsystems at path C:/Program Files/Unity/Hub/Editor/2020.3.13f1/Editor/Data/Resources/UnitySubsystems
[Subsystems] Discovering subsystems at path D:/MyLowPrgrm/GitHubDesktop/GitHub/Modul_10/Assets
GfxDevice: creating device client; threaded=0
Direct3D:
    Version:  Direct3D 11.0 [level 11.1]
    Renderer: Radeon RX 570 Series (ID=0x67df)
    Vendor:   
    VRAM:     8171 MB
    Driver:   30.0.13023.1012
Initialize mono
Mono path[0] = 'C:/Program Files/Unity/Hub/Editor/2020.3.13f1/Editor/Data/Managed'
Mono path[1] = 'C:/Program Files/Unity/Hub/Editor/2020.3.13f1/Editor/Data/MonoBleedingEdge/lib/mono/unityjit'
Mono config path = 'C:/Program Files/Unity/Hub/Editor/2020.3.13f1/Editor/Data/MonoBleedingEdge/etc'
Using monoOptions --debugger-agent=transport=dt_socket,embedding=1,server=y,suspend=n,address=127.0.0.1:56412
Begin MonoManager ReloadAssembly
Registering precompiled unity dll's ...
Register platform support module: C:/Program Files/Unity/Hub/Editor/2020.3.13f1/Editor/Data/PlaybackEngines/MacStandaloneSupport/UnityEditor.OSXStandalone.Extensions.dll
Register platform support module: C:/Program Files/Unity/Hub/Editor/2020.3.13f1/Editor/Data/PlaybackEngines/WindowsStandaloneSupport/UnityEditor.WindowsStandalone.Extensions.dll
Registered in 0.001675 seconds.
Native extension for WindowsStandalone target not found
Native extension for OSXStandalone target not found
Refreshing native plugins compatible for Editor in 18.37 ms, found 2 plugins.
Preloading 0 native plugins for Editor in 0.00 ms.
Mono: successfully reloaded assembly
- Completed reload, in  0.714 seconds
Platform modules already initialized, skipping
Registering precompiled user dll's ...
Registered in 0.001644 seconds.
Begin MonoManager ReloadAssembly
Native extension for WindowsStandalone target not found
Native extension for OSXStandalone target not found
Refreshing native plugins compatible for Editor in 0.29 ms, found 2 plugins.
Preloading 0 native plugins for Editor in 0.00 ms.
Mono: successfully reloaded assembly
- Completed reload, in  0.611 seconds
Platform modules already initialized, skipping
========================================================================
Worker process is ready to serve import requests
Launched and connected shader compiler UnityShaderCompiler.exe after 0.02 seconds
Refreshing native plugins compatible for Editor in 0.25 ms, found 2 plugins.
Preloading 0 native plugins for Editor in 0.00 ms.
Unloading 1400 Unused Serialized files (Serialized files now loaded: 0)
System memory in use before: 65.3 MB.
System memory in use after: 65.3 MB.

Unloading 19 unused Assets to reduce memory usage. Loaded Objects now: 1834.
Total: 1.448800 ms (FindLiveObjects: 0.098000 ms CreateObjectMapping: 0.026500 ms MarkObjects: 1.272800 ms  DeleteObjects: 0.050900 ms)

AssetImportParameters requested are different than current active one (requested -> active):
  custom:framework-win-MediaFoundation: 216162199b28c13a410421893ffa2e32 -> 
  custom:video-decoder-ogg-theora: a1e56fd34408186e4bbccfd4996cb3dc -> 
  custom:container-muxer-webm: aa71ff27fc2769a1b78a27578f13a17b -> 
  custom:container-demuxer-webm: 4f35f7cbe854078d1ac9338744f61a02 -> 
  custom:container-demuxer-ogg: 62fdf1f143b41e24485cea50d1cbac27 -> 
  custom:video-encoder-webm-vp8: eb34c28f22e8b96e1ab97ce403110664 -> 
  custom:video-decoder-webm-vp8: 9c59270c3fd7afecdb556c50c9e8de78 -> 
  custom:audio-decoder-ogg-vorbis: bf7c407c2cedff20999df2af8eb42d56 -> 
  custom:audio-encoder-webm-vorbis: bf7c407c2cedff20999df2af8eb42d56 -> 
========================================================================
Received Import Request.
  path: Assets/Prefab/DownZone.prefab
  artifactKey: Guid(659371698e518354a8a19cac5377e2a4) Importer(815301076,1909f56bfc062723c751e8b465ee728b)
Start importing Assets/Prefab/DownZone.prefab using Guid(659371698e518354a8a19cac5377e2a4) Importer(815301076,1909f56bfc062723c751e8b465ee728b)  -> (artifact id: '1960e9171fc4a42d79fd2f8c62592790') in 0.070175 seconds 
  Import took 0.071904 seconds .

========================================================================
Received Import Request.
  Time since last request: 1.428622 seconds.
  path: Assets/Prefab/DownZone.prefab
  artifactKey: Guid(659371698e518354a8a19cac5377e2a4) Importer(815301076,1909f56bfc062723c751e8b465ee728b)
Start importing Assets/Prefab/DownZone.prefab using Guid(659371698e518354a8a19cac5377e2a4) Importer(815301076,1909f56bfc062723c751e8b465ee728b)  -> (artifact id: '09b325b42010baeabb66df849c1eaaad') in 0.008395 seconds 
  Import took 0.010435 seconds .

========================================================================
Received Import Request.
  Time since last request: 6.025879 seconds.
  path: Assets/Prefab/DownZone.prefab
  artifactKey: Guid(659371698e518354a8a19cac5377e2a4) Importer(815301076,1909f56bfc062723c751e8b465ee728b)
Start importing Assets/Prefab/DownZone.prefab using Guid(659371698e518354a8a19cac5377e2a4) Importer(815301076,1909f56bfc062723c751e8b465ee728b)  -> (artifact id: 'c73e5fafeecde830d9b3efde1ccfd2bd') in 0.007234 seconds 
  Import took 0.009033 seconds .

========================================================================
Received Import Request.
  Time since last request: 3.213455 seconds.
  path: Assets/Prefab/DownZone.prefab
  artifactKey: Guid(659371698e518354a8a19cac5377e2a4) Importer(815301076,1909f56bfc062723c751e8b465ee728b)
Start importing Assets/Prefab/DownZone.prefab using Guid(659371698e518354a8a19cac5377e2a4) Importer(815301076,1909f56bfc062723c751e8b465ee728b)  -> (artifact id: 'fc4b6e8d24379a4164574d928ffc911a') in 0.007576 seconds 
  Import took 0.009242 seconds .

========================================================================
Received Import Request.
  Time since last request: 8.039873 seconds.
  path: Assets/Prefab/DownZone.prefab
  artifactKey: Guid(659371698e518354a8a19cac5377e2a4) Importer(815301076,1909f56bfc062723c751e8b465ee728b)
Start importing Assets/Prefab/DownZone.prefab using Guid(659371698e518354a8a19cac5377e2a4) Importer(815301076,1909f56bfc062723c751e8b465ee728b)  -> (artifact id: '50b2197e7c52eb8fb0b3efae19994f64') in 0.006624 seconds 
  Import took 0.008748 seconds .

========================================================================
Received Import Request.
  Time since last request: 11.665943 seconds.
  path: Assets/Prefab/DownZone.prefab
  artifactKey: Guid(659371698e518354a8a19cac5377e2a4) Importer(815301076,1909f56bfc062723c751e8b465ee728b)
Start importing Assets/Prefab/DownZone.prefab using Guid(659371698e518354a8a19cac5377e2a4) Importer(815301076,1909f56bfc062723c751e8b465ee728b)  -> (artifact id: '550faecab55ea937bf36ff7ebab03d7f') in 0.006352 seconds 
  Import took 0.008189 seconds .

========================================================================
Received Import Request.
  Time since last request: 29.584546 seconds.
  path: Assets/Prefab/Trigger_long (1).prefab
  artifactKey: Guid(8dc53f11ce77e994baed7306d0d67acb) Importer(815301076,1909f56bfc062723c751e8b465ee728b)
Start importing Assets/Prefab/Trigger_long (1).prefab using Guid(8dc53f11ce77e994baed7306d0d67acb) Importer(815301076,1909f56bfc062723c751e8b465ee728b)  -> (artifact id: '9c744648d453378639b91bf678953b43') in 0.006482 seconds 
  Import took 0.008518 seconds .

========================================================================
Received Import Request.
  Time since last request: 0.006069 seconds.
  path: Assets/Prefab/Trigger_long (1).prefab
  artifactKey: Guid(8dc53f11ce77e994baed7306d0d67acb) Importer(815301076,1909f56bfc062723c751e8b465ee728b)
Start importing Assets/Prefab/Trigger_long (1).prefab using Guid(8dc53f11ce77e994baed7306d0d67acb) Importer(815301076,1909f56bfc062723c751e8b465ee728b)  -> (artifact id: '9c744648d453378639b91bf678953b43') in 0.004118 seconds 
  Import took 0.005514 seconds .

========================================================================
Received Import Request.
  Time since last request: 0.176213 seconds.
  path: Assets/Prefab/DownZone.prefab
  artifactKey: Guid(659371698e518354a8a19cac5377e2a4) Importer(815301076,1909f56bfc062723c751e8b465ee728b)
Start importing Assets/Prefab/DownZone.prefab using Guid(659371698e518354a8a19cac5377e2a4) Importer(815301076,1909f56bfc062723c751e8b465ee728b)  -> (artifact id: '42d41f10bc55572ba1ea1789f79646f1') in 0.007676 seconds 
  Import took 0.009510 seconds .

========================================================================
Received Import Request.
  Time since last request: 4.642890 seconds.
  path: Assets/Prefab/Trigger_Zone.prefab
  artifactKey: Guid(8dc53f11ce77e994baed7306d0d67acb) Importer(815301076,1909f56bfc062723c751e8b465ee728b)
Start importing Assets/Prefab/Trigger_Zone.prefab using Guid(8dc53f11ce77e994baed7306d0d67acb) Importer(815301076,1909f56bfc062723c751e8b465ee728b)  -> (artifact id: 'ee948b731c298669af8ed556a658c8ef') in 0.007143 seconds 
  Import took 0.009073 seconds .

========================================================================
Received Import Request.
  Time since last request: 0.002909 seconds.
  path: Assets/Prefab/DownZone.prefab
  artifactKey: Guid(659371698e518354a8a19cac5377e2a4) Importer(815301076,1909f56bfc062723c751e8b465ee728b)
Start importing Assets/Prefab/DownZone.prefab using Guid(659371698e518354a8a19cac5377e2a4) Importer(815301076,1909f56bfc062723c751e8b465ee728b)  -> (artifact id: 'a3ae17485da826919db029cba15dcc4c') in 0.006667 seconds 
  Import took 0.008100 seconds .

========================================================================
Received Import Request.
  Time since last request: 13.045750 seconds.
  path: Assets/Prefab/Trigger_Zone.prefab
  artifactKey: Guid(8dc53f11ce77e994baed7306d0d67acb) Importer(815301076,1909f56bfc062723c751e8b465ee728b)
Start importing Assets/Prefab/Trigger_Zone.prefab using Guid(8dc53f11ce77e994baed7306d0d67acb) Importer(815301076,1909f56bfc062723c751e8b465ee728b)  -> (artifact id: '1d93be8704fd72462128f84ce09d29b8') in 0.005828 seconds 
  Import took 0.007464 seconds .

========================================================================
Received Import Request.
  Time since last request: 1.000418 seconds.
  path: Assets/Prefab/Trigger_Zone.prefab
  artifactKey: Guid(8dc53f11ce77e994baed7306d0d67acb) Importer(815301076,1909f56bfc062723c751e8b465ee728b)
Start importing Assets/Prefab/Trigger_Zone.prefab using Guid(8dc53f11ce77e994baed7306d0d67acb) Importer(815301076,1909f56bfc062723c751e8b465ee728b)  -> (artifact id: '0a27273be99d66411d003042ef613ac6') in 0.004108 seconds 
  Import took 0.005782 seconds .

========================================================================
Received Import Request.
  Time since last request: 1.610055 seconds.
  path: Assets/Prefab/Trigger_Zone.prefab
  artifactKey: Guid(8dc53f11ce77e994baed7306d0d67acb) Importer(815301076,1909f56bfc062723c751e8b465ee728b)
Start importing Assets/Prefab/Trigger_Zone.prefab using Guid(8dc53f11ce77e994baed7306d0d67acb) Importer(815301076,1909f56bfc062723c751e8b465ee728b)  -> (artifact id: 'afb57c78a1af62b7ca10eaf6163119f0') in 0.005788 seconds 
  Import took 0.007516 seconds .

========================================================================
Received Import Request.
  Time since last request: 0.997434 seconds.
  path: Assets/Prefab/Trigger_Zone.prefab
  artifactKey: Guid(8dc53f11ce77e994baed7306d0d67acb) Importer(815301076,1909f56bfc062723c751e8b465ee728b)
Start importing Assets/Prefab/Trigger_Zone.prefab using Guid(8dc53f11ce77e994baed7306d0d67acb) Importer(815301076,1909f56bfc062723c751e8b465ee728b)  -> (artifact id: 'e68b68bee801bf0b8d9fc58e664763e2') in 0.004163 seconds 
  Import took 0.005772 seconds .

========================================================================
Received Import Request.
  Time since last request: 1.606612 seconds.
  path: Assets/Prefab/Trigger_Zone.prefab
  artifactKey: Guid(8dc53f11ce77e994baed7306d0d67acb) Importer(815301076,1909f56bfc062723c751e8b465ee728b)
Start importing Assets/Prefab/Trigger_Zone.prefab using Guid(8dc53f11ce77e994baed7306d0d67acb) Importer(815301076,1909f56bfc062723c751e8b465ee728b)  -> (artifact id: 'd5d9c6177b913091694040657520950b') in 0.004496 seconds 
  Import took 0.006060 seconds .

========================================================================
Received Import Request.
  Time since last request: 2.210332 seconds.
  path: Assets/Prefab/Trigger_Zone.prefab
  artifactKey: Guid(8dc53f11ce77e994baed7306d0d67acb) Importer(815301076,1909f56bfc062723c751e8b465ee728b)
Start importing Assets/Prefab/Trigger_Zone.prefab using Guid(8dc53f11ce77e994baed7306d0d67acb) Importer(815301076,1909f56bfc062723c751e8b465ee728b)  -> (artifact id: 'bf3dd12482ae49b004a59f384c98a572') in 0.004140 seconds 
  Import took 0.005817 seconds .

========================================================================
Received Import Request.
  Time since last request: 6.019724 seconds.
  path: Assets/Prefab/Trigger_Zone.prefab
  artifactKey: Guid(8dc53f11ce77e994baed7306d0d67acb) Importer(815301076,1909f56bfc062723c751e8b465ee728b)
Start importing Assets/Prefab/Trigger_Zone.prefab using Guid(8dc53f11ce77e994baed7306d0d67acb) Importer(815301076,1909f56bfc062723c751e8b465ee728b)  -> (artifact id: 'ff1822dd8e4e1975a35f7682d6f9aafd') in 0.004026 seconds 
  Import took 0.005657 seconds .

========================================================================
Received Import Request.
  Time since last request: 84.801719 seconds.
  path: Assets/Prefab/Trigger_Zone.prefab
  artifactKey: Guid(8dc53f11ce77e994baed7306d0d67acb) Importer(815301076,1909f56bfc062723c751e8b465ee728b)
Start importing Assets/Prefab/Trigger_Zone.prefab using Guid(8dc53f11ce77e994baed7306d0d67acb) Importer(815301076,1909f56bfc062723c751e8b465ee728b)  -> (artifact id: '219491af219cbad3588f32233596b3d7') in 0.004349 seconds 
  Import took 0.005960 seconds .

========================================================================
Received Import Request.
  Time since last request: 24.178728 seconds.
  path: Assets/Prefab/TriggerZone_ForvardExplosion.prefab
  artifactKey: Guid(8dc53f11ce77e994baed7306d0d67acb) Importer(815301076,1909f56bfc062723c751e8b465ee728b)
Start importing Assets/Prefab/TriggerZone_ForvardExplosion.prefab using Guid(8dc53f11ce77e994baed7306d0d67acb) Importer(815301076,1909f56bfc062723c751e8b465ee728b)  -> (artifact id: '10ab690b34ea4ca24fd1349fef2671d4') in 0.006657 seconds 
  Import took 0.008378 seconds .

========================================================================
Received Import Request.
  Time since last request: 0.002916 seconds.
  path: Assets/Prefab/TriggerZone_ForvardExplosion.prefab
  artifactKey: Guid(8dc53f11ce77e994baed7306d0d67acb) Importer(815301076,1909f56bfc062723c751e8b465ee728b)
Start importing Assets/Prefab/TriggerZone_ForvardExplosion.prefab using Guid(8dc53f11ce77e994baed7306d0d67acb) Importer(815301076,1909f56bfc062723c751e8b465ee728b)  -> (artifact id: '10ab690b34ea4ca24fd1349fef2671d4') in 0.004108 seconds 
  Import took 0.005491 seconds .

========================================================================
Received Prepare
Registering precompiled user dll's ...
Registered in 0.001643 seconds.
Begin MonoManager ReloadAssembly
Native extension for WindowsStandalone target not found
Native extension for OSXStandalone target not found
Refreshing native plugins compatible for Editor in 0.26 ms, found 2 plugins.
Preloading 0 native plugins for Editor in 0.00 ms.
Mono: successfully reloaded assembly
- Completed reload, in  0.579 seconds
Platform modules already initialized, skipping
Refreshing native plugins compatible for Editor in 0.27 ms, found 2 plugins.
Preloading 0 native plugins for Editor in 0.00 ms.
Unloading 1395 Unused Serialized files (Serialized files now loaded: 0)
System memory in use before: 68.5 MB.
System memory in use after: 68.5 MB.

Unloading 15 unused Assets to reduce memory usage. Loaded Objects now: 1847.
Total: 1.454300 ms (FindLiveObjects: 0.101100 ms CreateObjectMapping: 0.029600 ms MarkObjects: 1.285700 ms  DeleteObjects: 0.037200 ms)

AssetImportParameters requested are different than current active one (requested -> active):
  custom:framework-win-MediaFoundation: 216162199b28c13a410421893ffa2e32 -> 
  custom:video-decoder-ogg-theora: a1e56fd34408186e4bbccfd4996cb3dc -> 
  custom:container-muxer-webm: aa71ff27fc2769a1b78a27578f13a17b -> 
  custom:container-demuxer-webm: 4f35f7cbe854078d1ac9338744f61a02 -> 
  custom:container-demuxer-ogg: 62fdf1f143b41e24485cea50d1cbac27 -> 
  custom:video-encoder-webm-vp8: eb34c28f22e8b96e1ab97ce403110664 -> 
  custom:video-decoder-webm-vp8: 9c59270c3fd7afecdb556c50c9e8de78 -> 
  custom:audio-decoder-ogg-vorbis: bf7c407c2cedff20999df2af8eb42d56 -> 
  custom:audio-encoder-webm-vorbis: bf7c407c2cedff20999df2af8eb42d56 -> 
========================================================================
Received Prepare
Registering precompiled user dll's ...
Registered in 0.001599 seconds.
Begin MonoManager ReloadAssembly
Native extension for WindowsStandalone target not found
Native extension for OSXStandalone target not found
Refreshing native plugins compatible for Editor in 0.27 ms, found 2 plugins.
Preloading 0 native plugins for Editor in 0.00 ms.
Mono: successfully reloaded assembly
- Completed reload, in  0.568 seconds
Platform modules already initialized, skipping
Refreshing native plugins compatible for Editor in 0.17 ms, found 2 plugins.
Preloading 0 native plugins for Editor in 0.00 ms.
Unloading 1395 Unused Serialized files (Serialized files now loaded: 0)
System memory in use before: 68.5 MB.
System memory in use after: 68.6 MB.

Unloading 14 unused Assets to reduce memory usage. Loaded Objects now: 1850.
Total: 1.480800 ms (FindLiveObjects: 0.093300 ms CreateObjectMapping: 0.029000 ms MarkObjects: 1.327500 ms  DeleteObjects: 0.030400 ms)

AssetImportParameters requested are different than current active one (requested -> active):
  custom:framework-win-MediaFoundation: 216162199b28c13a410421893ffa2e32 -> 
  custom:video-decoder-ogg-theora: a1e56fd34408186e4bbccfd4996cb3dc -> 
  custom:container-muxer-webm: aa71ff27fc2769a1b78a27578f13a17b -> 
  custom:container-demuxer-webm: 4f35f7cbe854078d1ac9338744f61a02 -> 
  custom:container-demuxer-ogg: 62fdf1f143b41e24485cea50d1cbac27 -> 
  custom:video-encoder-webm-vp8: eb34c28f22e8b96e1ab97ce403110664 -> 
  custom:video-decoder-webm-vp8: 9c59270c3fd7afecdb556c50c9e8de78 -> 
  custom:audio-decoder-ogg-vorbis: bf7c407c2cedff20999df2af8eb42d56 -> 
  custom:audio-encoder-webm-vorbis: bf7c407c2cedff20999df2af8eb42d56 -> 
========================================================================
Received Prepare
Registering precompiled user dll's ...
Registered in 0.001683 seconds.
Begin MonoManager ReloadAssembly
Native extension for WindowsStandalone target not found
Native extension for OSXStandalone target not found
Refreshing native plugins compatible for Editor in 0.27 ms, found 2 plugins.
Preloading 0 native plugins for Editor in 0.00 ms.
Mono: successfully reloaded assembly
- Completed reload, in  0.582 seconds
Platform modules already initialized, skipping
Refreshing native plugins compatible for Editor in 0.19 ms, found 2 plugins.
Preloading 0 native plugins for Editor in 0.00 ms.
Unloading 1395 Unused Serialized files (Serialized files now loaded: 0)
System memory in use before: 68.5 MB.
System memory in use after: 68.6 MB.

Unloading 14 unused Assets to reduce memory usage. Loaded Objects now: 1853.
Total: 1.386200 ms (FindLiveObjects: 0.095400 ms CreateObjectMapping: 0.029300 ms MarkObjects: 1.231100 ms  DeleteObjects: 0.029700 ms)

AssetImportParameters requested are different than current active one (requested -> active):
  custom:framework-win-MediaFoundation: 216162199b28c13a410421893ffa2e32 -> 
  custom:video-decoder-ogg-theora: a1e56fd34408186e4bbccfd4996cb3dc -> 
  custom:container-muxer-webm: aa71ff27fc2769a1b78a27578f13a17b -> 
  custom:container-demuxer-webm: 4f35f7cbe854078d1ac9338744f61a02 -> 
  custom:container-demuxer-ogg: 62fdf1f143b41e24485cea50d1cbac27 -> 
  custom:video-encoder-webm-vp8: eb34c28f22e8b96e1ab97ce403110664 -> 
  custom:video-decoder-webm-vp8: 9c59270c3fd7afecdb556c50c9e8de78 -> 
  custom:audio-decoder-ogg-vorbis: bf7c407c2cedff20999df2af8eb42d56 -> 
  custom:audio-encoder-webm-vorbis: bf7c407c2cedff20999df2af8eb42d56 -> 
========================================================================
Received Import Request.
  Time since last request: 831.785059 seconds.
  path: Assets/Prefab/DownZone.prefab
  artifactKey: Guid(659371698e518354a8a19cac5377e2a4) Importer(815301076,1909f56bfc062723c751e8b465ee728b)
Start importing Assets/Prefab/DownZone.prefab using Guid(659371698e518354a8a19cac5377e2a4) Importer(815301076,1909f56bfc062723c751e8b465ee728b)  -> (artifact id: 'f4105781e3ea3f9a72a1c9d699ebcd92') in 0.036678 seconds 
  Import took 0.038657 seconds .

========================================================================
Received Import Request.
  Time since last request: 0.000117 seconds.
  path: Assets/Prefab/Lever.prefab
  artifactKey: Guid(959fa3e0142314a47a8f7fba993b35cc) Importer(815301076,1909f56bfc062723c751e8b465ee728b)
Start importing Assets/Prefab/Lever.prefab using Guid(959fa3e0142314a47a8f7fba993b35cc) Importer(815301076,1909f56bfc062723c751e8b465ee728b)  -> (artifact id: 'e91bf01ca4a665986699869d28f29e1c') in 0.008722 seconds 
  Import took 0.010231 seconds .

========================================================================
Received Import Request.
  Time since last request: 20.836069 seconds.
  path: Assets/test.cs
  artifactKey: Guid(59af5eae3ebb28b4988e4e26ead98fb9) Importer(815301076,1909f56bfc062723c751e8b465ee728b)
Start importing Assets/test.cs using Guid(59af5eae3ebb28b4988e4e26ead98fb9) Importer(815301076,1909f56bfc062723c751e8b465ee728b)  -> (artifact id: '3fc879e6779578ae9de37bab9b4ed5c4') in 0.005569 seconds 
  Import took 0.007416 seconds .

========================================================================
Received Prepare
Registering precompiled user dll's ...
Registered in 0.001518 seconds.
Begin MonoManager ReloadAssembly
Native extension for WindowsStandalone target not found
Native extension for OSXStandalone target not found
Refreshing native plugins compatible for Editor in 0.27 ms, found 2 plugins.
Preloading 0 native plugins for Editor in 0.00 ms.
Mono: successfully reloaded assembly
- Completed reload, in  0.567 seconds
Platform modules already initialized, skipping
Refreshing native plugins compatible for Editor in 0.22 ms, found 2 plugins.
Preloading 0 native plugins for Editor in 0.00 ms.
Unloading 1394 Unused Serialized files (Serialized files now loaded: 0)
System memory in use before: 68.5 MB.
System memory in use after: 68.6 MB.

Unloading 16 unused Assets to reduce memory usage. Loaded Objects now: 1856.
Total: 1.506100 ms (FindLiveObjects: 0.106700 ms CreateObjectMapping: 0.031400 ms MarkObjects: 1.334200 ms  DeleteObjects: 0.033300 ms)

AssetImportParameters requested are different than current active one (requested -> active):
  custom:framework-win-MediaFoundation: 216162199b28c13a410421893ffa2e32 -> 
  custom:video-decoder-ogg-theora: a1e56fd34408186e4bbccfd4996cb3dc -> 
  custom:container-muxer-webm: aa71ff27fc2769a1b78a27578f13a17b -> 
  custom:container-demuxer-webm: 4f35f7cbe854078d1ac9338744f61a02 -> 
  custom:container-demuxer-ogg: 62fdf1f143b41e24485cea50d1cbac27 -> 
  custom:video-encoder-webm-vp8: eb34c28f22e8b96e1ab97ce403110664 -> 
  custom:video-decoder-webm-vp8: 9c59270c3fd7afecdb556c50c9e8de78 -> 
  custom:audio-decoder-ogg-vorbis: bf7c407c2cedff20999df2af8eb42d56 -> 
  custom:audio-encoder-webm-vorbis: bf7c407c2cedff20999df2af8eb42d56 -> 
========================================================================
Received Import Request.
  Time since last request: 48.292301 seconds.
  path: Assets/Script/Lose_Zone.cs
  artifactKey: Guid(d714d96dd74aaa44bb6caf218a6df1d4) Importer(815301076,1909f56bfc062723c751e8b465ee728b)
Start importing Assets/Script/Lose_Zone.cs using Guid(d714d96dd74aaa44bb6caf218a6df1d4) Importer(815301076,1909f56bfc062723c751e8b465ee728b)  -> (artifact id: '350672e40c03ebd11e637fe374be80c5') in 0.006228 seconds 
  Import took 0.008338 seconds .

========================================================================
Received Prepare
Registering precompiled user dll's ...
Registered in 0.001531 seconds.
Begin MonoManager ReloadAssembly
Native extension for WindowsStandalone target not found
Native extension for OSXStandalone target not found
Refreshing native plugins compatible for Editor in 0.27 ms, found 2 plugins.
Preloading 0 native plugins for Editor in 0.00 ms.
Mono: successfully reloaded assembly
- Completed reload, in  0.570 seconds
Platform modules already initialized, skipping
Refreshing native plugins compatible for Editor in 0.17 ms, found 2 plugins.
Preloading 0 native plugins for Editor in 0.00 ms.
Unloading 1395 Unused Serialized files (Serialized files now loaded: 0)
System memory in use before: 68.5 MB.
System memory in use after: 68.6 MB.

Unloading 14 unused Assets to reduce memory usage. Loaded Objects now: 1860.
Total: 1.353900 ms (FindLiveObjects: 0.102500 ms CreateObjectMapping: 0.028600 ms MarkObjects: 1.194200 ms  DeleteObjects: 0.028100 ms)

AssetImportParameters requested are different than current active one (requested -> active):
  custom:framework-win-MediaFoundation: 216162199b28c13a410421893ffa2e32 -> 
  custom:video-decoder-ogg-theora: a1e56fd34408186e4bbccfd4996cb3dc -> 
  custom:container-muxer-webm: aa71ff27fc2769a1b78a27578f13a17b -> 
  custom:container-demuxer-webm: 4f35f7cbe854078d1ac9338744f61a02 -> 
  custom:container-demuxer-ogg: 62fdf1f143b41e24485cea50d1cbac27 -> 
  custom:video-encoder-webm-vp8: eb34c28f22e8b96e1ab97ce403110664 -> 
  custom:video-decoder-webm-vp8: 9c59270c3fd7afecdb556c50c9e8de78 -> 
  custom:audio-decoder-ogg-vorbis: bf7c407c2cedff20999df2af8eb42d56 -> 
  custom:audio-encoder-webm-vorbis: bf7c407c2cedff20999df2af8eb42d56 -> 
========================================================================
Received Prepare
Registering precompiled user dll's ...
Registered in 0.001795 seconds.
Begin MonoManager ReloadAssembly
Native extension for WindowsStandalone target not found
Native extension for OSXStandalone target not found
Refreshing native plugins compatible for Editor in 0.26 ms, found 2 plugins.
Preloading 0 native plugins for Editor in 0.00 ms.
Mono: successfully reloaded assembly
- Completed reload, in  0.571 seconds
Platform modules already initialized, skipping
Refreshing native plugins compatible for Editor in 0.15 ms, found 2 plugins.
Preloading 0 native plugins for Editor in 0.00 ms.
Unloading 1395 Unused Serialized files (Serialized files now loaded: 0)
System memory in use before: 68.5 MB.
System memory in use after: 68.6 MB.

Unloading 14 unused Assets to reduce memory usage. Loaded Objects now: 1863.
Total: 1.327000 ms (FindLiveObjects: 0.093300 ms CreateObjectMapping: 0.030600 ms MarkObjects: 1.175400 ms  DeleteObjects: 0.027100 ms)

AssetImportParameters requested are different than current active one (requested -> active):
  custom:framework-win-MediaFoundation: 216162199b28c13a410421893ffa2e32 -> 
  custom:video-decoder-ogg-theora: a1e56fd34408186e4bbccfd4996cb3dc -> 
  custom:container-muxer-webm: aa71ff27fc2769a1b78a27578f13a17b -> 
  custom:container-demuxer-webm: 4f35f7cbe854078d1ac9338744f61a02 -> 
  custom:container-demuxer-ogg: 62fdf1f143b41e24485cea50d1cbac27 -> 
  custom:video-encoder-webm-vp8: eb34c28f22e8b96e1ab97ce403110664 -> 
  custom:video-decoder-webm-vp8: 9c59270c3fd7afecdb556c50c9e8de78 -> 
  custom:audio-decoder-ogg-vorbis: bf7c407c2cedff20999df2af8eb42d56 -> 
  custom:audio-encoder-webm-vorbis: bf7c407c2cedff20999df2af8eb42d56 -> 
AssetImportWorkerClient::OnTransportError - code=2 error=End of file
